Using pre-set license
Built from '2020.3/release' branch; Version is '2020.3.7f1 (dd97f2c94397) revision 14522354'; Using compiler version '192528614'; Build Type 'Release'
OS: 'Windows 10 Pro; OS build 19043.1526; Version 2009; 64bit' Language: 'ru' Physical Memory: 32693 MB
BatchMode: 1, IsHumanControllingUs: 0, StartBugReporterOnCrash: 0, Is64bit: 1, IsPro: 0

 COMMAND LINE ARGUMENTS:
D:\UnityEditor\2020.3.7f1\Editor\Unity.exe
-adb2
-batchMode
-noUpm
-name
AssetImportWorker0
-projectPath
C:/Users/Romir/Documents/HomeWork7_1
-logFile
Logs/AssetImportWorker0.log
-srvPort
39846
Successfully changed project path to: C:/Users/Romir/Documents/HomeWork7_1
C:/Users/Romir/Documents/HomeWork7_1
Using Asset Import Pipeline V2.
Refreshing native plugins compatible for Editor in 50.91 ms, found 0 plugins.
Preloading 0 native plugins for Editor in 0.00 ms.
Initialize engine version: 2020.3.7f1 (dd97f2c94397)
[Subsystems] Discovering subsystems at path D:/UnityEditor/2020.3.7f1/Editor/Data/Resources/UnitySubsystems
[Subsystems] Discovering subsystems at path C:/Users/Romir/Documents/HomeWork7_1/Assets
GfxDevice: creating device client; threaded=0
Direct3D:
    Version:  Direct3D 11.0 [level 11.1]
    Renderer: NVIDIA GeForce RTX 2060 (ID=0x1f08)
    Vendor:   
    VRAM:     5980 MB
    Driver:   30.0.15.1123
Initialize mono
Mono path[0] = 'D:/UnityEditor/2020.3.7f1/Editor/Data/Managed'
Mono path[1] = 'D:/UnityEditor/2020.3.7f1/Editor/Data/MonoBleedingEdge/lib/mono/unityjit'
Mono config path = 'D:/UnityEditor/2020.3.7f1/Editor/Data/MonoBleedingEdge/etc'
Using monoOptions --debugger-agent=transport=dt_socket,embedding=1,server=y,suspend=n,address=127.0.0.1:56196
Begin MonoManager ReloadAssembly
Registering precompiled unity dll's ...
Register platform support module: D:/UnityEditor/2020.3.7f1/Editor/Data/PlaybackEngines/WebGLSupport/UnityEditor.WebGL.Extensions.dll
Register platform support module: D:/UnityEditor/2020.3.7f1/Editor/Data/PlaybackEngines/WindowsStandaloneSupport/UnityEditor.WindowsStandalone.Extensions.dll
Registered in 0.002707 seconds.
Native extension for WindowsStandalone target not found
Native extension for WebGL target not found
Refreshing native plugins compatible for Editor in 50.46 ms, found 0 plugins.
Preloading 0 native plugins for Editor in 0.00 ms.
Mono: successfully reloaded assembly
- Completed reload, in  3.884 seconds
Platform modules already initialized, skipping
Registering precompiled user dll's ...
Registered in 0.007832 seconds.
Begin MonoManager ReloadAssembly
Native extension for WindowsStandalone target not found
Native extension for WebGL target not found
Refreshing native plugins compatible for Editor in 0.33 ms, found 0 plugins.
Preloading 0 native plugins for Editor in 0.00 ms.
Mono: successfully reloaded assembly
- Completed reload, in  1.154 seconds
Platform modules already initialized, skipping
========================================================================
Worker process is ready to serve import requests
Launched and connected shader compiler UnityShaderCompiler.exe after 0.06 seconds
Refreshing native plugins compatible for Editor in 0.32 ms, found 0 plugins.
Preloading 0 native plugins for Editor in 0.00 ms.
Unloading 1751 Unused Serialized files (Serialized files now loaded: 0)
System memory in use before: 75.1 MB.
System memory in use after: 75.2 MB.

Unloading 15 unused Assets to reduce memory usage. Loaded Objects now: 2190.
Total: 1.762500 ms (FindLiveObjects: 0.174200 ms CreateObjectMapping: 0.042700 ms MarkObjects: 1.453300 ms  DeleteObjects: 0.090900 ms)

========================================================================
Received Import Request.
  path: Assets/Resources/AudioSettings.asset
  artifactKey: Guid(d34fe86a25efd8b4fb56e8568bb3157f) Importer(815301076,1909f56bfc062723c751e8b465ee728b)
Start importing Assets/Resources/AudioSettings.asset using Guid(d34fe86a25efd8b4fb56e8568bb3157f) Importer(815301076,1909f56bfc062723c751e8b465ee728b)  -> (artifact id: '7e50f7c39fc25d6dbbbeeb9383a32099') in 0.082778 seconds
  Import took 0.085748 seconds .

========================================================================
Received Prepare
Registering precompiled user dll's ...
Registered in 0.008036 seconds.
Begin MonoManager ReloadAssembly
Native extension for WindowsStandalone target not found
Native extension for WebGL target not found
Refreshing native plugins compatible for Editor in 0.36 ms, found 0 plugins.
Preloading 0 native plugins for Editor in 0.00 ms.
Mono: successfully reloaded assembly
- Completed reload, in  1.049 seconds
Platform modules already initialized, skipping
Refreshing native plugins compatible for Editor in 0.35 ms, found 0 plugins.
Preloading 0 native plugins for Editor in 0.00 ms.
Unloading 1743 Unused Serialized files (Serialized files now loaded: 0)
System memory in use before: 74.8 MB.
System memory in use after: 74.8 MB.

Unloading 10 unused Assets to reduce memory usage. Loaded Objects now: 2193.
Total: 1.953100 ms (FindLiveObjects: 0.204900 ms CreateObjectMapping: 0.045500 ms MarkObjects: 1.630800 ms  DeleteObjects: 0.070900 ms)

========================================================================
Received Prepare
Refreshing native plugins compatible for Editor in 3.44 ms, found 0 plugins.
Preloading 0 native plugins for Editor in 0.00 ms.
Unloading 8 Unused Serialized files (Serialized files now loaded: 0)
System memory in use before: 40.5 MB.
System memory in use after: 40.6 MB.

Unloading 8 unused Assets to reduce memory usage. Loaded Objects now: 2193.
Total: 1.785600 ms (FindLiveObjects: 0.178800 ms CreateObjectMapping: 0.045700 ms MarkObjects: 1.505300 ms  DeleteObjects: 0.054700 ms)

========================================================================
Received Prepare
Refreshing native plugins compatible for Editor in 3.31 ms, found 0 plugins.
Preloading 0 native plugins for Editor in 0.00 ms.
Unloading 8 Unused Serialized files (Serialized files now loaded: 0)
System memory in use before: 40.5 MB.
System memory in use after: 40.6 MB.

Unloading 8 unused Assets to reduce memory usage. Loaded Objects now: 2193.
Total: 2.314400 ms (FindLiveObjects: 0.173500 ms CreateObjectMapping: 0.044600 ms MarkObjects: 2.026400 ms  DeleteObjects: 0.068200 ms)

========================================================================
Received Import Request.
  Time since last request: 40.142069 seconds.
  path: Assets/Resources/Arial.TTF
  artifactKey: Guid(ed4c24041863ef14bac51f7491884188) Importer(815301076,1909f56bfc062723c751e8b465ee728b)
Start importing Assets/Resources/Arial.TTF using Guid(ed4c24041863ef14bac51f7491884188) Importer(815301076,1909f56bfc062723c751e8b465ee728b)  -> (artifact id: 'ef325487d8d8f4f49ed004157f17782b') in 0.127265 seconds
  Import took 0.130353 seconds .

========================================================================
Received Prepare
Refreshing native plugins compatible for Editor in 3.26 ms, found 0 plugins.
Preloading 0 native plugins for Editor in 0.00 ms.
Unloading 8 Unused Serialized files (Serialized files now loaded: 0)
System memory in use before: 44.1 MB.
System memory in use after: 44.2 MB.

Unloading 8 unused Assets to reduce memory usage. Loaded Objects now: 2237.
Total: 2.100900 ms (FindLiveObjects: 0.175800 ms CreateObjectMapping: 0.043700 ms MarkObjects: 1.822000 ms  DeleteObjects: 0.058600 ms)

========================================================================
Received Prepare
Refreshing native plugins compatible for Editor in 3.45 ms, found 0 plugins.
Preloading 0 native plugins for Editor in 0.00 ms.
Unloading 8 Unused Serialized files (Serialized files now loaded: 0)
System memory in use before: 44.2 MB.
System memory in use after: 44.3 MB.

Unloading 8 unused Assets to reduce memory usage. Loaded Objects now: 2237.
Total: 2.215300 ms (FindLiveObjects: 0.183000 ms CreateObjectMapping: 0.044700 ms MarkObjects: 1.928100 ms  DeleteObjects: 0.058100 ms)

AssetImportWorkerClient::OnTransportError - code=2 error=End of file
